<?xml version="1.0" encoding="UTF-8"?>
<testng-results skipped="0" failed="1" ignored="2" total="11" passed="8">
  <reporter-output>
  </reporter-output>
  <suite name="Suite123" duration-ms="517" started-at="2019-04-07T04:09:03Z" finished-at="2019-04-07T04:09:04Z">
    <groups>
    </groups>
    <test name="Test123" duration-ms="517" started-at="2019-04-07T04:09:03Z" finished-at="2019-04-07T04:09:04Z">
      <class name="test.NewTest">
        <test-method status="PASS" signature="beforeClass()[pri:0, instance:test.NewTest@9629756]" name="beforeClass" is-config="true" duration-ms="1" started-at="2019-04-07T04:09:04Z" finished-at="2019-04-07T04:09:04Z">
          <reporter-output>
          </reporter-output>
        </test-method> <!-- beforeClass -->
        <test-method status="PASS" signature="beforeMethod()[pri:0, instance:test.NewTest@9629756]" name="beforeMethod" is-config="true" duration-ms="1" started-at="2019-04-07T04:09:04Z" finished-at="2019-04-07T04:09:04Z">
          <reporter-output>
          </reporter-output>
        </test-method> <!-- beforeMethod -->
        <test-method status="PASS" signature="f2()[pri:0, instance:test.NewTest@9629756]" name="f2" duration-ms="1" started-at="2019-04-07T04:09:04Z" finished-at="2019-04-07T04:09:04Z">
          <reporter-output>
          </reporter-output>
        </test-method> <!-- f2 -->
        <test-method status="PASS" signature="afterMethod()[pri:0, instance:test.NewTest@9629756]" name="afterMethod" is-config="true" duration-ms="0" started-at="2019-04-07T04:09:04Z" finished-at="2019-04-07T04:09:04Z">
          <reporter-output>
          </reporter-output>
        </test-method> <!-- afterMethod -->
        <test-method status="PASS" signature="beforeMethod()[pri:0, instance:test.NewTest@9629756]" name="beforeMethod" is-config="true" duration-ms="1" started-at="2019-04-07T04:09:04Z" finished-at="2019-04-07T04:09:04Z">
          <reporter-output>
          </reporter-output>
        </test-method> <!-- beforeMethod -->
        <test-method status="PASS" signature="f1()[pri:1, instance:test.NewTest@9629756]" name="f1" duration-ms="2" started-at="2019-04-07T04:09:04Z" description="verify the login TC" finished-at="2019-04-07T04:09:04Z">
          <reporter-output>
          </reporter-output>
        </test-method> <!-- f1 -->
        <test-method status="PASS" signature="afterMethod()[pri:0, instance:test.NewTest@9629756]" name="afterMethod" is-config="true" duration-ms="0" started-at="2019-04-07T04:09:04Z" finished-at="2019-04-07T04:09:04Z">
          <reporter-output>
          </reporter-output>
        </test-method> <!-- afterMethod -->
        <test-method status="PASS" signature="beforeMethod()[pri:0, instance:test.NewTest@9629756]" name="beforeMethod" is-config="true" duration-ms="0" started-at="2019-04-07T04:09:04Z" finished-at="2019-04-07T04:09:04Z">
          <reporter-output>
          </reporter-output>
        </test-method> <!-- beforeMethod -->
        <test-method status="PASS" signature="f()[pri:2, instance:test.NewTest@9629756]" name="f" duration-ms="1" started-at="2019-04-07T04:09:04Z" finished-at="2019-04-07T04:09:04Z">
          <reporter-output>
          </reporter-output>
        </test-method> <!-- f -->
        <test-method status="PASS" signature="afterMethod()[pri:0, instance:test.NewTest@9629756]" name="afterMethod" is-config="true" duration-ms="0" started-at="2019-04-07T04:09:04Z" finished-at="2019-04-07T04:09:04Z">
          <reporter-output>
          </reporter-output>
        </test-method> <!-- afterMethod -->
        <test-method status="PASS" signature="beforeMethod()[pri:0, instance:test.NewTest@9629756]" name="beforeMethod" is-config="true" duration-ms="0" started-at="2019-04-07T04:09:04Z" finished-at="2019-04-07T04:09:04Z">
          <reporter-output>
          </reporter-output>
        </test-method> <!-- beforeMethod -->
        <test-method status="PASS" signature="f()[pri:2, instance:test.NewTest@9629756]" name="f" duration-ms="1" started-at="2019-04-07T04:09:04Z" finished-at="2019-04-07T04:09:04Z">
          <reporter-output>
          </reporter-output>
        </test-method> <!-- f -->
        <test-method status="PASS" signature="afterMethod()[pri:0, instance:test.NewTest@9629756]" name="afterMethod" is-config="true" duration-ms="1" started-at="2019-04-07T04:09:04Z" finished-at="2019-04-07T04:09:04Z">
          <reporter-output>
          </reporter-output>
        </test-method> <!-- afterMethod -->
        <test-method status="PASS" signature="beforeMethod()[pri:0, instance:test.NewTest@9629756]" name="beforeMethod" is-config="true" duration-ms="1" started-at="2019-04-07T04:09:04Z" finished-at="2019-04-07T04:09:04Z">
          <reporter-output>
          </reporter-output>
        </test-method> <!-- beforeMethod -->
        <test-method status="PASS" signature="f()[pri:2, instance:test.NewTest@9629756]" name="f" duration-ms="2" started-at="2019-04-07T04:09:04Z" finished-at="2019-04-07T04:09:04Z">
          <reporter-output>
          </reporter-output>
        </test-method> <!-- f -->
        <test-method status="PASS" signature="afterMethod()[pri:0, instance:test.NewTest@9629756]" name="afterMethod" is-config="true" duration-ms="0" started-at="2019-04-07T04:09:04Z" finished-at="2019-04-07T04:09:04Z">
          <reporter-output>
          </reporter-output>
        </test-method> <!-- afterMethod -->
        <test-method status="PASS" signature="f()[pri:2, instance:test.NewTest@9629756]" name="f" duration-ms="2" started-at="2019-04-07T04:09:04Z" finished-at="2019-04-07T04:09:04Z">
          <reporter-output>
          </reporter-output>
        </test-method> <!-- f -->
        <test-method status="PASS" signature="beforeMethod()[pri:0, instance:test.NewTest@9629756]" name="beforeMethod" is-config="true" duration-ms="0" started-at="2019-04-07T04:09:04Z" finished-at="2019-04-07T04:09:04Z">
          <reporter-output>
          </reporter-output>
        </test-method> <!-- beforeMethod -->
        <test-method status="PASS" signature="beforeMethod()[pri:0, instance:test.NewTest@9629756]" name="beforeMethod" is-config="true" duration-ms="1" started-at="2019-04-07T04:09:04Z" finished-at="2019-04-07T04:09:04Z">
          <reporter-output>
          </reporter-output>
        </test-method> <!-- beforeMethod -->
        <test-method status="PASS" signature="afterMethod()[pri:0, instance:test.NewTest@9629756]" name="afterMethod" is-config="true" duration-ms="0" started-at="2019-04-07T04:09:04Z" finished-at="2019-04-07T04:09:04Z">
          <reporter-output>
          </reporter-output>
        </test-method> <!-- afterMethod -->
        <test-method status="PASS" signature="f()[pri:2, instance:test.NewTest@9629756]" name="f" duration-ms="2" started-at="2019-04-07T04:09:04Z" finished-at="2019-04-07T04:09:04Z">
          <reporter-output>
          </reporter-output>
        </test-method> <!-- f -->
        <test-method status="PASS" signature="afterMethod()[pri:0, instance:test.NewTest@9629756]" name="afterMethod" is-config="true" duration-ms="0" started-at="2019-04-07T04:09:04Z" finished-at="2019-04-07T04:09:04Z">
          <reporter-output>
          </reporter-output>
        </test-method> <!-- afterMethod -->
        <test-method status="PASS" signature="afterClass()[pri:0, instance:test.NewTest@9629756]" name="afterClass" is-config="true" duration-ms="0" started-at="2019-04-07T04:09:04Z" finished-at="2019-04-07T04:09:04Z">
          <reporter-output>
          </reporter-output>
        </test-method> <!-- afterClass -->
      </class> <!-- test.NewTest -->
      <class name="NewTest">
        <test-method status="PASS" signature="beforeSuite()[pri:0, instance:NewTest@62ee68d8]" name="beforeSuite" is-config="true" duration-ms="358" started-at="2019-04-07T04:09:03Z" finished-at="2019-04-07T04:09:03Z">
          <reporter-output>
          </reporter-output>
        </test-method> <!-- beforeSuite -->
        <test-method status="PASS" signature="beforeSuite()[pri:0, instance:test.NewTest@9629756]" name="beforeSuite" is-config="true" duration-ms="1" started-at="2019-04-07T04:09:03Z" finished-at="2019-04-07T04:09:03Z">
          <reporter-output>
          </reporter-output>
        </test-method> <!-- beforeSuite -->
        <test-method status="PASS" signature="beforeTest()[pri:0, instance:NewTest@62ee68d8]" name="beforeTest" is-config="true" duration-ms="1" started-at="2019-04-07T04:09:03Z" finished-at="2019-04-07T04:09:03Z">
          <reporter-output>
          </reporter-output>
        </test-method> <!-- beforeTest -->
        <test-method status="PASS" signature="beforeTest()[pri:0, instance:test.NewTest@9629756]" name="beforeTest" is-config="true" duration-ms="0" started-at="2019-04-07T04:09:03Z" finished-at="2019-04-07T04:09:03Z">
          <reporter-output>
          </reporter-output>
        </test-method> <!-- beforeTest -->
        <test-method status="PASS" signature="afterTest()[pri:0, instance:NewTest@62ee68d8]" name="afterTest" is-config="true" duration-ms="2" started-at="2019-04-07T04:09:04Z" finished-at="2019-04-07T04:09:04Z">
          <reporter-output>
          </reporter-output>
        </test-method> <!-- afterTest -->
        <test-method status="PASS" signature="afterTest()[pri:0, instance:test.NewTest@9629756]" name="afterTest" is-config="true" duration-ms="0" started-at="2019-04-07T04:09:04Z" finished-at="2019-04-07T04:09:04Z">
          <reporter-output>
          </reporter-output>
        </test-method> <!-- afterTest -->
        <test-method status="PASS" signature="afterSuite()[pri:0, instance:NewTest@62ee68d8]" name="afterSuite" is-config="true" duration-ms="1" started-at="2019-04-07T04:09:04Z" finished-at="2019-04-07T04:09:04Z">
          <reporter-output>
          </reporter-output>
        </test-method> <!-- afterSuite -->
        <test-method status="PASS" signature="afterSuite()[pri:0, instance:test.NewTest@9629756]" name="afterSuite" is-config="true" duration-ms="1" started-at="2019-04-07T04:09:04Z" finished-at="2019-04-07T04:09:04Z">
          <reporter-output>
          </reporter-output>
        </test-method> <!-- afterSuite -->
      </class> <!-- NewTest -->
      <class name="Assert_example">
        <test-method status="FAIL" signature="M1()[pri:0, instance:Assert_example@735b5592]" name="M1" duration-ms="109" started-at="2019-04-07T04:09:03Z" finished-at="2019-04-07T04:09:04Z">
          <exception class="java.lang.AssertionError">
            <message>
              <![CDATA[The following asserts failed:
expected [true] but found [false]]]>
            </message>
            <full-stacktrace>
              <![CDATA[java.lang.AssertionError: The following asserts failed:
expected [true] but found [false]
at org.testng.asserts.SoftAssert.assertAll(SoftAssert.java:43)
at Assert_example.M1(Assert_example.java:14)
at sun.reflect.NativeMethodAccessorImpl.invoke0(Native Method)
at sun.reflect.NativeMethodAccessorImpl.invoke(Unknown Source)
at sun.reflect.DelegatingMethodAccessorImpl.invoke(Unknown Source)
at java.lang.reflect.Method.invoke(Unknown Source)
at org.testng.internal.MethodInvocationHelper.invokeMethod(MethodInvocationHelper.java:124)
at org.testng.internal.Invoker.invokeMethod(Invoker.java:580)
at org.testng.internal.Invoker.invokeTestMethod(Invoker.java:716)
at org.testng.internal.Invoker.invokeTestMethods(Invoker.java:988)
at org.testng.internal.TestMethodWorker.invokeTestMethods(TestMethodWorker.java:125)
at org.testng.internal.TestMethodWorker.run(TestMethodWorker.java:109)
at org.testng.TestRunner.privateRun(TestRunner.java:648)
at org.testng.TestRunner.run(TestRunner.java:505)
at org.testng.SuiteRunner.runTest(SuiteRunner.java:455)
at org.testng.SuiteRunner.runSequentially(SuiteRunner.java:450)
at org.testng.SuiteRunner.privateRun(SuiteRunner.java:415)
at org.testng.SuiteRunner.run(SuiteRunner.java:364)
at org.testng.SuiteRunnerWorker.runSuite(SuiteRunnerWorker.java:52)
at org.testng.SuiteRunnerWorker.run(SuiteRunnerWorker.java:84)
at org.testng.TestNG.runSuitesSequentially(TestNG.java:1208)
at org.testng.TestNG.runSuitesLocally(TestNG.java:1137)
at org.testng.TestNG.runSuites(TestNG.java:1049)
at org.testng.TestNG.run(TestNG.java:1017)
at org.testng.remote.AbstractRemoteTestNG.run(AbstractRemoteTestNG.java:114)
at org.testng.remote.RemoteTestNG.initAndRun(RemoteTestNG.java:251)
at org.testng.remote.RemoteTestNG.main(RemoteTestNG.java:77)
]]>
            </full-stacktrace>
          </exception> <!-- java.lang.AssertionError -->
          <reporter-output>
          </reporter-output>
        </test-method> <!-- M1 -->
        <test-method status="PASS" signature="M2()[pri:0, instance:Assert_example@735b5592]" name="M2" duration-ms="2" started-at="2019-04-07T04:09:04Z" finished-at="2019-04-07T04:09:04Z">
          <reporter-output>
          </reporter-output>
        </test-method> <!-- M2 -->
      </class> <!-- Assert_example -->
    </test> <!-- Test123 -->
  </suite> <!-- Suite123 -->
</testng-results>
