<?xml version="1.0" encoding="UTF-8"?>
<!-- Generated by org.testng.reporters.JUnitXMLReporter -->
<testsuite hostname="Appy-PC" ignored="2" name="Test123" tests="9" failures="1" timestamp="07 Apr 2019 04:09:04 GMT" time="0.517" errors="0">
  <testcase name="M1" time="0.109" classname="Assert_example">
    <failure type="java.lang.AssertionError" message="The following asserts failed:
	expected [true] but found [false]">
      <![CDATA[java.lang.AssertionError: The following asserts failed:
expected [true] but found [false]
at Assert_example.M1(Assert_example.java:14)
... Removed 26 stack frames]]>
    </failure>
  </testcase> <!-- M1 -->
  <testcase name="M2" time="0.002" classname="Assert_example"/>
  <testcase name="f2" time="0.001" classname="test.NewTest"/>
  <testcase name="f1" time="0.002" classname="test.NewTest"/>
  <testcase name="f" time="0.001" classname="test.NewTest"/>
  <testcase name="f" time="0.001" classname="test.NewTest"/>
  <testcase name="f" time="0.002" classname="test.NewTest"/>
  <testcase name="f" time="0.002" classname="test.NewTest"/>
  <testcase name="f" time="0.002" classname="test.NewTest"/>
  <testcase name="f" time="0.0" classname="NewTest">
    <ignored/>
  </testcase> <!-- f -->
  <testcase name="f2" time="0.0" classname="NewTest">
    <ignored/>
  </testcase> <!-- f2 -->
</testsuite> <!-- Test123 -->
